Determining if the pthread_create exist failed with the following output:
Change Dir: /home/edge/BangDesktop/project/Bang/cmake-build-debug/CMakeFiles/CMakeTmp

Run Build Command(s):/usr/bin/make cmTC_98886/fast 
/usr/bin/make -f CMakeFiles/cmTC_98886.dir/build.make CMakeFiles/cmTC_98886.dir/build
make[1]: Entering directory '/home/edge/BangDesktop/project/Bang/cmake-build-debug/CMakeFiles/CMakeTmp'
Building C object CMakeFiles/cmTC_98886.dir/CheckSymbolExists.c.o
/usr/bin/cc    -o CMakeFiles/cmTC_98886.dir/CheckSymbolExists.c.o   -c /home/edge/BangDesktop/project/Bang/cmake-build-debug/CMakeFiles/CMakeTmp/CheckSymbolExists.c
Linking C executable cmTC_98886
/home/edge/clion-2019.2.1/bin/cmake/linux/bin/cmake -E cmake_link_script CMakeFiles/cmTC_98886.dir/link.txt --verbose=1
/usr/bin/cc      CMakeFiles/cmTC_98886.dir/CheckSymbolExists.c.o  -o cmTC_98886 
CMakeFiles/cmTC_98886.dir/CheckSymbolExists.c.o: In function `main':
CheckSymbolExists.c:(.text+0x16): undefined reference to `pthread_create'
collect2: error: ld returned 1 exit status
CMakeFiles/cmTC_98886.dir/build.make:86: recipe for target 'cmTC_98886' failed
make[1]: *** [cmTC_98886] Error 1
make[1]: Leaving directory '/home/edge/BangDesktop/project/Bang/cmake-build-debug/CMakeFiles/CMakeTmp'
Makefile:121: recipe for target 'cmTC_98886/fast' failed
make: *** [cmTC_98886/fast] Error 2

File /home/edge/BangDesktop/project/Bang/cmake-build-debug/CMakeFiles/CMakeTmp/CheckSymbolExists.c:
/* */
#include <pthread.h>

int main(int argc, char** argv)
{
  (void)argv;
#ifndef pthread_create
  return ((int*)(&pthread_create))[argc];
#else
  (void)argc;
  return 0;
#endif
}

Determining if the function pthread_create exists in the pthreads failed with the following output:
Change Dir: /home/edge/BangDesktop/project/Bang/cmake-build-debug/CMakeFiles/CMakeTmp

Run Build Command(s):/usr/bin/make cmTC_32854/fast 
/usr/bin/make -f CMakeFiles/cmTC_32854.dir/build.make CMakeFiles/cmTC_32854.dir/build
make[1]: Entering directory '/home/edge/BangDesktop/project/Bang/cmake-build-debug/CMakeFiles/CMakeTmp'
Building C object CMakeFiles/cmTC_32854.dir/CheckFunctionExists.c.o
/usr/bin/cc   -DCHECK_FUNCTION_EXISTS=pthread_create   -o CMakeFiles/cmTC_32854.dir/CheckFunctionExists.c.o   -c /home/edge/clion-2019.2.1/bin/cmake/linux/share/cmake-3.14/Modules/CheckFunctionExists.c
Linking C executable cmTC_32854
/home/edge/clion-2019.2.1/bin/cmake/linux/bin/cmake -E cmake_link_script CMakeFiles/cmTC_32854.dir/link.txt --verbose=1
/usr/bin/cc  -DCHECK_FUNCTION_EXISTS=pthread_create    CMakeFiles/cmTC_32854.dir/CheckFunctionExists.c.o  -o cmTC_32854 -lpthreads 
/usr/bin/ld: cannot find -lpthreads
collect2: error: ld returned 1 exit status
CMakeFiles/cmTC_32854.dir/build.make:86: recipe for target 'cmTC_32854' failed
make[1]: *** [cmTC_32854] Error 1
make[1]: Leaving directory '/home/edge/BangDesktop/project/Bang/cmake-build-debug/CMakeFiles/CMakeTmp'
Makefile:121: recipe for target 'cmTC_32854/fast' failed
make: *** [cmTC_32854/fast] Error 2


