Determining if the pthread_create exist failed with the following output:
Change Dir: /home/edge/BangDesktop/project/Bang/linux-build/CMakeFiles/CMakeTmp

Run Build Command:"/usr/bin/make" "cmTC_653d1/fast"
/usr/bin/make -f CMakeFiles/cmTC_653d1.dir/build.make CMakeFiles/cmTC_653d1.dir/build
make[1]: Entering directory '/home/edge/BangDesktop/project/Bang/linux-build/CMakeFiles/CMakeTmp'
Building C object CMakeFiles/cmTC_653d1.dir/CheckSymbolExists.c.o
/usr/bin/cc    -o CMakeFiles/cmTC_653d1.dir/CheckSymbolExists.c.o   -c /home/edge/BangDesktop/project/Bang/linux-build/CMakeFiles/CMakeTmp/CheckSymbolExists.c
Linking C executable cmTC_653d1
/usr/bin/cmake -E cmake_link_script CMakeFiles/cmTC_653d1.dir/link.txt --verbose=1
/usr/bin/cc      CMakeFiles/cmTC_653d1.dir/CheckSymbolExists.c.o  -o cmTC_653d1 
CMakeFiles/cmTC_653d1.dir/CheckSymbolExists.c.o: In function `main':
CheckSymbolExists.c:(.text+0x16): undefined reference to `pthread_create'
collect2: error: ld returned 1 exit status
CMakeFiles/cmTC_653d1.dir/build.make:97: recipe for target 'cmTC_653d1' failed
make[1]: *** [cmTC_653d1] Error 1
make[1]: Leaving directory '/home/edge/BangDesktop/project/Bang/linux-build/CMakeFiles/CMakeTmp'
Makefile:126: recipe for target 'cmTC_653d1/fast' failed
make: *** [cmTC_653d1/fast] Error 2

File /home/edge/BangDesktop/project/Bang/linux-build/CMakeFiles/CMakeTmp/CheckSymbolExists.c:
/* */
#include <pthread.h>

int main(int argc, char** argv)
{
  (void)argv;
#ifndef pthread_create
  return ((int*)(&pthread_create))[argc];
#else
  (void)argc;
  return 0;
#endif
}

Determining if the function pthread_create exists in the pthreads failed with the following output:
Change Dir: /home/edge/BangDesktop/project/Bang/linux-build/CMakeFiles/CMakeTmp

Run Build Command:"/usr/bin/make" "cmTC_09eb0/fast"
/usr/bin/make -f CMakeFiles/cmTC_09eb0.dir/build.make CMakeFiles/cmTC_09eb0.dir/build
make[1]: Entering directory '/home/edge/BangDesktop/project/Bang/linux-build/CMakeFiles/CMakeTmp'
Building C object CMakeFiles/cmTC_09eb0.dir/CheckFunctionExists.c.o
/usr/bin/cc   -DCHECK_FUNCTION_EXISTS=pthread_create   -o CMakeFiles/cmTC_09eb0.dir/CheckFunctionExists.c.o   -c /usr/share/cmake-3.10/Modules/CheckFunctionExists.c
Linking C executable cmTC_09eb0
/usr/bin/cmake -E cmake_link_script CMakeFiles/cmTC_09eb0.dir/link.txt --verbose=1
/usr/bin/cc  -DCHECK_FUNCTION_EXISTS=pthread_create    CMakeFiles/cmTC_09eb0.dir/CheckFunctionExists.c.o  -o cmTC_09eb0 -lpthreads 
/usr/bin/ld: cannot find -lpthreads
collect2: error: ld returned 1 exit status
CMakeFiles/cmTC_09eb0.dir/build.make:97: recipe for target 'cmTC_09eb0' failed
make[1]: *** [cmTC_09eb0] Error 1
make[1]: Leaving directory '/home/edge/BangDesktop/project/Bang/linux-build/CMakeFiles/CMakeTmp'
Makefile:126: recipe for target 'cmTC_09eb0/fast' failed
make: *** [cmTC_09eb0/fast] Error 2


